
20:12:11.460 [info] Compiling file system watcher for Mac...

20:12:11.768 [info] Done.
==> file_system
Compiling 7 files (.ex)
Generated file_system app
==> decimal
Compiling 4 files (.ex)
Generated decimal app
==> ex_json_schema
Compiling 39 files (.ex)
    warning: nil.validate/5 is undefined (module nil is not available or is yet to be defined)
    \x{2502}
 85 \x{2502}         validator -> validator.validate(root, schema, property, data, path)
    \x{2502}                                ~
    \x{2502}
    \x{2514}\x{2500} lib/ex_json_schema/validator.ex:85:32: ExJsonSchema.Validator.do_validation_errors/4

Generated ex_json_schema app
==> jason
Compiling 10 files (.ex)
Generated jason app
==> nodejs
Compiling 4 files (.ex)
Generated nodejs app
==> credo
Compiling 257 files (.ex)
Generated credo app
==> req
Compiling 18 files (.ex)
Generated req app
==> rustler
Compiling 6 files (.ex)
Generated rustler app
==> rustler_precompiled
Compiling 4 files (.ex)
Generated rustler_precompiled app
==> ex_secp256k1
Compiling 2 files (.ex)

20:12:16.193 [debug] Copying NIF from cache and extracting to /Users/ronny/Documents/antigravity/excited-salk/hunted_repos/Spectral-Finance_lux/lux/_build/dev/lib/ex_secp256k1/priv/native/libex_secp256k1-v0.7.4-nif-2.16-aarch64-apple-darwin.so.tar.gz
Generated ex_secp256k1 app
==> ex_keccak
Compiling 1 file (.ex)

20:12:16.418 [debug] Copying NIF from cache and extracting to /Users/ronny/Documents/antigravity/excited-salk/hunted_repos/Spectral-Finance_lux/lux/_build/dev/lib/ex_keccak/priv/native/libexkeccak-v0.7.6-nif-2.16-aarch64-apple-darwin.so.tar.gz
Generated ex_keccak app
==> ex_abi
Compiling 2 files (.erl)
Compiling 7 files (.ex)
Generated ex_abi app
==> ethereumex
Compiling 11 files (.ex)
Generated ethereumex app
==> ethers
Compiling 36 files (.ex)
Generated ethers app
==> lux
Compiling 94 files (.ex)

== Compilation error in file lib/lux/rust_core.ex ==
** (ErlangError) Erlang error: :enoent
    (elixir 1.18.1) lib/system.ex:1114: System.cmd("cargo", ["metadata", "--format-version=1"], [cd: "native/lux_core"])
    (rustler 0.35.1) lib/rustler/compiler/config.ex:76: Rustler.Compiler.Config.metadata!/1
    (rustler 0.35.1) lib/rustler/compiler/config.ex:63: Rustler.Compiler.Config.build/1
    (rustler 0.35.1) lib/rustler/compiler.ex:8: Rustler.Compiler.compile_crate/3
    lib/lux/rust_core.ex:8: (module)
